<?xml version="1.0" encoding="UTF-8"?>
<testsuite name="demo.calc.calculation.TestDivision" tests="1" skipped="0" failures="0" errors="0" timestamp="2018-02-11T10:41:17" hostname="LAPTOP-LA98Q3U2" time="0.001">
  <properties/>
  <testcase name="test" classname="demo.calc.calculation.TestDivision" time="0.001"/>
  <system-out><![CDATA[]]></system-out>
  <system-err><![CDATA[]]></system-err>
</testsuite>
